**************************
Question id: 0_111
Gold: 1
Prediction: 3
Question: 我国 “ 十一五 ” 规划 把 推进 环渤海地区 的 经济 发展 放到 重要 位置 。 环渤海 城市 布局 由 三个 都市 圈 ( 京津 唐 、 辽 中南 、 山东半岛 ) 构成 。 “ 三圈 ” 以 特大 城市 为 核心 、 城市 聚合 轴 为 骨架 、 都市 圈为 网络 。 它 将 带动 和 推进 环渤海地区 的 城市化 ， 结合 该 图 及 学过 的 有关 知识 回答 19 - 20 题 。 关于 目前 环渤海地区 城市化 的 叙述 ， 正确 的 是
 区内 城市化 水平 表现 出 明显 的 地区 均衡 性  0.607179
*城市 聚合 轴 往往 是 主要 交通 干线  0.010256
 城市化 发展 速度 趋缓 ， 出现 逆 城市化 现象  0.214951
 三个 都市 圈 是 我国 经济 最 发达 地区  1.167615

**************************
Question id: 0_127
Gold: 0
Prediction: 1
Question: 读甲 、 乙 两地 气候 资料 图 ， 完成 下列 各 题 。 甲 、 乙 两地 的 气候 类型 分别 是
*温带 季风气候 、 地中海 气候  0.051999
 亚热带 季风气候 、 地中海 气候  1.562593
 温带 季风气候 、 热带 沙漠 气候  0.040393
 温带 大陆性气候 、 温带 海洋性气候  0.345014

**************************
Question id: 0_128
Gold: 1
Prediction: 2
Question: 下图 为 我国 已 建成 的 高速 客运 铁路 分布 示意图 ， 读图 回答 1 ～ 3 题 。 高速 铁路线 ④ 大致 呈 直线 延伸 ， 通过 的 城市 不多 ， 这 主要 是 考虑
 地形 的 限制  0.031073
*节省 运营 时间  0.001272
 促进 沿线 经济 发展  1.967568
 少 占 耕地  0.000087

**************************
Question id: 0_130
Gold: 1
Prediction: 2
Question: 据 报道 ， 2000 年 12 月 3 日 长江 沿岸 26 个 城市 市长 提出 ， 要 将 长江 建成 具有 重要 影响力 的 “ 大河 产业 带 ” 。 据 图 回答 19 ～ 20 题 。 对 图 中 五个 沿江 城市 描述 正确 的 是
 除 南京 外 ， 其它 城市 都 有 汽车 工业  0.043588
*不是 依靠 河流 ， 而是 靠 资源 发展 起来 的 城市 是 攀枝花市  0.831448
 对 长江流域 有 辐射 和 带动 作用 的 城市 是 重庆市  1.121549
 上海 成为 钢铁 基地 的 原因 是 原材料 丰富  0.003415

**************************
Question id: 0_134
Gold: 1
Prediction: 2
Question: 五星 连珠 ， 也 叫 “ 五星 聚 ” 。 我国 古代 用以 表示 水 、 金 、 火 、 木 、 土五 行星 同时 出现 在 天空 同 一方 的 现象 。 这种 现象 不常 发生 ， 所以 古人 曾 唯心 的 认为 它 是 祥瑞 。 后人 推广 到 只要 五 行星 各 居 一 宫 相连 不断 时 就 叫做 “ 连珠 ” 。 据此 回答 下面 小题 ： “ 五星 连珠 ” 中 的 五颗 行星 按照 距 日 远近 、 质量 、 体积 等 特征 ， 属于 类地 行星 的 是 哪 几颗
 水星 、 火星 、 木星  0.066025
*水星 、 金星 、 火星  0.011407
 金星 、 木星 、 土星  1.865931
 金星 、 火星 、 土星  0.056636

**************************
Question id: 0_137
Gold: 0
Prediction: 0
Question: 2016 年 9 月 15 日 22 时 04 分 ， 搭载 天宫 二号 空间 实验室 的 长征 二号 FT2 运载火箭 ， 在 我国 甘肃 酒泉 卫星 发射 中心 点火 发射 ， 约 575 秒 后 ， 天宫 二号 与 火箭 成功 分离 ， 进入 预定 轨道 ， 发射 取得 圆满 成功 。 回答 下列 问题 。 以下 属于 天体 的 是
*天宫 二号 空间 实验室  1.125049
 分离 后 的 火箭  0.536225
 天宫 二号 空间 实验室 和 分离 后 的 火箭  0.018414
 分离 前 的 火箭  0.320313

**************************
Question id: 0_138
Gold: 1
Prediction: 0
Question: 神舟 十号 飞船 在 2013 年 6 月 13 日 13 时 18 分与 天宫 一号 完成 自动 交会 对接 ． 16 时 17 分 ， 神舟 十号 航天员 聂海胜 、 张晓光 、 王 亚平 3 名 航天员 进入 天宫 一号 ． 据此 完成 下题 ． “ 天宫 一号 ” 所 绕转 的 天体 是
 太阳  1.537688
*地球  0.461822
 月球  0.000053
 火星  0.000437

**************************
Question id: 0_139
Gold: 1
Prediction: 3
Question: 2018 年 4 月 2 日 8 时 15 分 ( 北京 时间 ) 左右 ， 遨游 太空 6 年 多 的 天宫 一号 ， 在 中国 航天 人 的 实时 监测 和 全程 跟踪 下 ， 在 预测 的 时间 和 范围 内 再入 大气层 ， 化作 流星 ， 凤凰 涅 槃 ， 不 留下 一丝 遗憾 ， 归隐 安宁 寂静 的 南 太平洋 。 回答 下列 各 题 。 天宫 一号 归隐 南 太平洋 这 一天 ， 太阳 直射 点
 位于 南半球 ， 正向 北 移动  0.071403
*位于 北半球 ， 正向 北 移动  0.177043
 位于 南半球 ， 正向 南 移动  0.587796
 位于 北半球 ， 正向 南 移动  1.163759

**************************
Question id: 0_142
Gold: 2
Prediction: 2
Question: 环球网 军事 频道 国际 军情 中心 1 月 6 日 报道 ， 美国 海军 卡尔文 森号 航空母舰 2011 年 1 月 1 日 在 太平洋 上 经过 日 界线 （ 也 就是 大家 熟知 的 “ 国际日期变更线 ” ， 是 地球 表面 180 ° 经线 附近 的 一条 假想 线 ， 也 叫做 国际 日 界线 ， 简称 日 界线 ） 时 ， 船员 通过 放 烟花 庆祝 新 的 一年 的 到来 。 据此 完成 问题 。 关于 日 界线 的 叙述 ， 正确 的 是
 日 界线 的 东侧 是 东 十二 区 ， 西侧 是 西 十二 区  0.390963
 东侧 是 东经 度 ， 西侧 是 西 经度  0.037359
*东侧 时 区 日期 比 西侧 时区 晚 一天  1.065604
 日 界线 两侧 日期 相差 一天 ， 时间 相差 一个 小时  0.506073

**************************
Question id: 0_142
Gold: 2
Prediction: 3
Question: 新华网 报道 称 ， 8 月初 俄罗斯 森林 着火 点 数量 为 400 至 500 个 ， 损失 65 亿 卢比 ， 52 人 死亡 ， 3500 人 无家可归 ． 据此 完成 下题 ． 火灾 发生 时 俄罗斯 正值
 春季  0.322587
 秋季  0.370509
*夏季  0.141013
 冬季  1.165891

**************************
Question id: 0_145
Gold: 1
Prediction: 1
Question: 在 2012 年 的 某 一天 ， 美国 南部 的 一些 城市 ， 在 五彩斑斓 的 极光 光幕 过后 ， 电网 会 突然 变得 闪烁 不定 ， 灯光 在 瞬时 明亮 后 将 会 停电 ， 一分 半钟 之后 ， 这个 大 停电 现象 将 会 遍及 美国 整个 东部 地区 ， 甚至 整个 欧洲 以及 中国 、 日本 等 区域 也 会 同样 经历 这样 的 灾难 ， 而 这场 灾难 仅仅 源于 太阳 打 了 一个 强烈 的 “ 喷嚏 ” 。 据此 回答 下列 各 题 。 下列 现象 属于 太阳 活动 对 地球 影响 的 是
 南极 上空 出现 臭氧层 空洞  0.000014
*地面 短波 通信 受 影响  1.874023
 大气 中 二氧化碳 增多 ， 气温 升高  0.001929
 北极 地区 出现 极昼 现象  0.124034

**************************
Question id: 0_147
Gold: 2
Prediction: 3
Question: 2016 年 9 月 27 日 ， 印度尼西亚 龙目岛 的 林贾尼 火山 爆发 ， 火山灰 柱高达 2 千米 ， 导致 半空 布满 火山灰 ， 据此 完成 下列 问题 。 岩浆 物质 冲破 了 岩石圈 的 束缚 后才 喷发 出来 ， 关于 岩石圈 的 叙述 ， 正确 的 是
 岩石圈 属于 地壳 的 一部分 ， 是 由 岩石 构成 的  0.180974
 岩石圈 属于 上 地幔 的 一部分  0.610929
*岩石圈 与 生物圈 关系 密切  0.069945
 岩石圈 的 上部 是 软 流层  1.138152

**************************
Question id: 0_147
Gold: 2
Prediction: 0
Question: 2015 年 4 月 25 日 ， 距 中尼 边境 约 80 千米 处 发生 里氏 8.1 级 地震 ， 震源 深度 约 20 千米 ， 我国 西藏自治区 大部分 地区 震感 强烈 ． 据此 回答 下题 ． 关于 本次 地震 的 震源 分布 ， 应 是
 在 地幔 内  0.844215
 在 地核 内  0.434722
*发生 在 岩石圈 内  0.292655
 在 下 地幔 内  0.428409

**************************
Question id: 0_149
Gold: 0
Prediction: 3
Question: 近年来 ， 随着 经济社会 和 城镇化 的 快速 发展 导致 部分 城市 雾 霾 天气 频繁 发生 。 国内外 多地 的 成功 案例 表明 ， 合理 设置 城市 通风 廊道 （ 主要 借助 宽阔 的 道路 、 城市 开敞 空间 、 城市 绿化 用地 、 水域 河流 以及 低矮 楼宇 群 等 形成 贯穿 于 城市 各 部分 的 结构 ） ， 是 缓解 雾 霾 天气 的 重要 辅助 手段 。 洛阳 市区 三面 环山 ， 并 有 多个 森林 公园 ， 四条 河流 穿 城 而过 ， 三大 铁路 干线 从 城市 中间 穿过 。 由于 多种 原因 ， 城市 总体 规划 确定 的 通风 廊道 并 不 通畅 。 据此 完成 下列 各 题 。 洛阳 雾 霾 现象 严重 的 主要 原因 是
*大气 稳定度 高  0.137082
 交通 通达 度 高  0.203723
 城市化 水平 高  0.127282
 城市 绿化 率 高  1.531913

**************************
Question id: 0_150
Gold: 1
Prediction: 1
Question: 2013 年 11 月 20 日 ， 日本 小笠 原 群岛 附近 发生 海底 火山 喷发 ， 形成 一个 小岛 ， 据此 完成 下题 ． 日本 频繁 发生 火山 、 地震 的 主要 原因 是
 位于 印度洋 板块 与 亚欧 板块 交界处 ， 地壳 活动 频繁  0.274515
*位于 太平洋 板块 与 亚欧 板块 交界处 ， 地壳 活动 频繁  0.960200
 位于 印度洋 板块 与 太平洋 板块 交界处 ， 地壳 活动 频繁  0.180515
 日本 领土 组成 主要 以 火山岛 为主  0.584769

**************************
Question id: 0_150
Gold: 1
Prediction: 1
Question: 2013 年 11 月 20 日 ， 日本 小笠 原 群岛 附近 发生 海底 火山 喷发 ， 形成 一个 小岛 ， 据此 完成 下题 ． 火山 喷发 产生 的 火山灰 云团 对 其 覆盖 地区 的 影响 是
 增强 了 大气 反射 作用 ， 使 气温 增高  0.931350
*增强 了 大气 逆 辐射 ， 使 昼夜 温差 变小  1.038566
 减弱 了 大气 反射 作用 ， 使 气温 降低  0.023934
 减弱 了 大气 逆 辐射 ， 使 昼夜 温差 变小  0.006150

**************************
Question id: 0_150
Gold: 1
Prediction: 1
Question: 由于 城市 人口 集中 ， 工业 发达 ， 释放 出 大量 废气 和 废热 ， 导致 城市 气温 高于 郊区 ， 从而 引起 城市 和 郊区 之间 的 小型 热力 环流 ， 称之为 城市 风 ． 读 城市 风 示意图 ， 回答 下题 ． 市区 与 郊区 相比 ， 近 地面
 气温 高 ， 气压 高  0.489002
*气温 高 ， 气 压低  1.308007
 气温 低 ， 气 压低  0.087390
 气温 低 ， 气压 高  0.115600

**************************
Question id: 0_152
Gold: 2
Prediction: 1
Question: 地球 表层 自然 地理 环境 的 差异性 无处不在 ， 但 这个 差异性 表现 出 一定 的 有序性 。 结合 有关 知识 回答 下列 各 题 。 指示 自然 地理 环境 特征 的 地理 事物 一般 是
 地形 地势  0.001071
 气候 类型  1.658197
*植被 类型  0.126433
 士壤 类型  0.214299

**************************
Question id: 0_154
Gold: 0
Prediction: 3
Question: 党 的 十八 届 五中全会 决定 ： 坚持 计划生育 的 基本 国策 ， 完善 人口 发展 战略 ， 全面 实施 一对 夫妇 可 生育 两个 孩子 政策 ， 这 是 继 十八 届 三中全会 决定 启动 实施 “ 单独 二 孩 ” 政策 之后 的 又 一次 人口 政策 调整 。 据此 完成 下列 各 题 。 全面 实施 一对 夫妇 可 生育 两个 孩子 政策 的 决策 的 主要 依据 是
*我国 老龄化 加速 ， 要 适时 提前 开展 应对 老龄化 的 行动  0.135794
 青少年 人口 性别 比例 严重 失衡  0.425424
 积极 应对 正在 消失 的 人口 红利 机会 ， 延长 我国 人口 红利 机会 窗口 期  0.544501
 近 三十年 来 我国 人口 出生率 的 明显 下降 ， 将 影响 到 我国 总人口 数量 的 增加  0.894281

**************************
Question id: 0_155
Gold: 1
Prediction: 1
Question: 甘肃 玉门 ， 一个 因 油而生 的 城市 ， 现在 又 因油 而 废 ． 1939 年 这里 是 中国 最早 开发 的 油田 ． 但 现在 ， 玉门 的 石油 没有 了 ， 人 也 走 了 ， 现在 的 玉门 老城区 ， 空置 房屋 成片 拆毁 ， 大街 上路 人 寥寥 ， 一派 残败 景象 ， 它 成 了 一块 弃 地 ， 玉门 化身 “ 郁闷 ” ． 据此 完成 下题 ． 影响 玉门 人口 迁移 的 主要 因素 是
 生态 环境 因素  0.003836
*经济 因素  1.975260
 政治 因素  0.017807
 社会 文化 因素  0.003097

**************************
Question id: 0_156
Gold: 2
Prediction: 1
Question: 20 世纪 90 年代 ， 我国 人口 流动 出现 “ 孔雀东南飞 ” 的 现象 ， 该 时期 大量 的 人口 流入 东莞 。 现今 ， 有 “ 世界 工厂 ” 之 称 的 东莞 频繁 出现 了 企业 “ 东南 飞 ” 的 外迁 现象 。 而 东莞 的 制造业 也 逐渐 由 “ 代 工厂 ” 向 “ 梦 工厂 ” 实现 漂亮 转身 。 据 材料 回答 下列 各 题 。 影响 人口 “ 孔雀东南飞 ” 的 主导 因素 是
 家庭 因素  0.535070
 气候 因素  0.838299
*经济 因素  0.576694
 政策 因素  0.049937

**************************
Question id: 0_156
Gold: 0
Prediction: 1
Question: 猴 年 春节 期间 ， 城乡 交通 状况 来 了 个 大 反转 ， 车流 、 人流 密集 涌向 乡间 。 乡间 出现 了 如 城市 的 堵车 现象 ， “ 城 堵 ” 变成 了 “ 乡 堵 ” 。 阅读 材料 ， 完成 下面 小题 。 影响 春节 期间 人口 流动 的 主导 因素 是
*家庭  0.112287
 经济  1.855142
 教育  0.019655
 交通  0.012916

**************************
Question id: 0_157
Gold: 2
Prediction: 0
Question: 2017 年 春节 期间 ， 北上 广深 这些 一线 城市 都 至少 有 一半 的 人 返乡 过年 ， 其中 一些 金融 行业 从业 人员 多 选择 高效 便捷 的 交通 方式 。 深圳 的 空城 率 达到 69 % ， 为 四城 最高 ， 堪称 名副其实 的 “ 空城 ” 。 据此 完成 下面 小题 。 四 城市 中 ， 深圳 春节 期间 空城 率 最高 的 原因 是
 流动 人口 数量 最多  1.923888
 环境污染 较为 严重  0.001317
*流动 人口 比重 最高  0.037146
 产业 结构 转型 升级  0.037648

**************************
Question id: 0_158
Gold: 2
Prediction: 3
Question: 我国 许多 聚落 名称 体现 了所 处 自然环境 的 特点 。 黄土高原 地区 有些 聚落 名为 “ XX 川 ” 。 《 现代 汉语 词典 》 解释 ： 川 地 是 山间 或 河流 两边 的 平坦 低洼 的 土地 。 据此 完成 下列 各 题 。 在 农业 社会 ， 决定 这些 聚落 发展 规模 的 主导 条件 是
 河流 水量  0.490075
 土壤 肥力  0.279200
*川 地 面积  0.057963
 林木 蓄积量  1.172762

**************************
Question id: 0_158
Gold: 2
Prediction: 2
Question: 2015 年 12 月 12 日 ， 中国 （ 海南 ） 国际 热带 农产品 冬季 交易会 在 海南 国际 会展 中心 举办 。 来自 意大利 、 俄罗斯 、 法国 、 日本 、 澳大利亚 、 新加坡 、 美国 、 新西兰 等 23 个 国家 和 地区 的 120 家 境外 企业 参展 。 据此 回答 下列 各 题 。 与 意大利 、 澳大利亚 相比 ， 海南 发展 瓜菜 生产 的 优势 是
 光热 充足  0.032453
 土地 资源 丰富  0.000134
*生产 成本 低  1.913607
 科技 水平 高  0.053806

**************************
Question id: 0_159
Gold: 0
Prediction: 0
Question: 天麻 是 我国 传统 药膳 滋补品 ， 受 自然 条件 影响 ， 天麻 产地 主要 分布 在 云 、 贵 、 川 等 地 ， 而 华北地区 种植 较少 。 近年来 北京 昌平区 通过 控制 温室 大棚 的 温度 和 湿度 ， 成功 实现 了 “ 南麻北 移 ” 。 据此 完成 下列 各 题 。 “ 南麻北 移 ” 成功 ， 改造 的 自然 地理 要素 是
*气候  1.984662
 土壤  0.001107
 地形  0.000650
 水源  0.013581

**************************
Question id: 0_161
Gold: 2
Prediction: 3
Question: 2015 年 以来 ， 因 赣州 城市 发展 需要 ， 对 南康 区 很多 村庄 进行 了 拆迁 ， 据此 回答 下面 小题 。 赣州 市郊 近年来 塑料 大棚 菜田 发展 迅速 的 原因 是
 平原 地形 为主  0.027447
 雨 热 同期 的 气候  0.222977
*城市 市场 需求量 大增  0.122487
 农业 技术 的 推广  1.627089

**************************
Question id: 0_162
Gold: 2
Prediction: 3
Question: 垦殖 指数 即 开发 土地 与 土地 总面积 之比 ， 复种指数 即 某一 地区 在 光热 条件 影响 下 ， 一年 中 播种 或 收获 农产品 的 次数 。 根据 农业区 位 选择 的 因素 ， 完成 下列 各 题 。 关于 影响 农业 生产 和 布局 主要 因素 的 叙述 ， 不 正确 的 是
 光热 条件 好 的 地区 ， 复种指数 高  0.086967
 地表 崎岖 的 丘陵 ， 垦殖 指数 一般 低于 平原  0.000000
*红壤 土层 厚 、 结构 好 、 肥力高 ， 有利于 农作物 自然 生长  0.000303
 在 交通 枢纽 地区 ， 有利于 发展 大规模 的 商品性 农产品  1.912730

**************************
Question id: 0_163
Gold: 2
Prediction: 0
Question: 阅读 以下 材料 ， 完成 下列 问题 。 材料 一 ： 世界银行 和 世界 货币 组织 1997 年 年 会 发布 的 （ 碧水 蓝天 ― 展望 21 世纪 的 中国 环境 ） 的 研究 报告 中 称 ： “ 从 1995 年 到 2020 年 ， 最大 城市 的 大气 质量 总体 有所 改善 … … ” 材料 二 ： 据 国内 15 个 城市 轨道 交通 规划 ， 2010 年 ， 我国 新建 轨道 交通 项目 总 长度 近 1300 千未 ， 北京 、 上海 、 广州 三座 城市 规划 以 每年 40 千米 的 速度 建设 轨道 交通 项目 。 修建 城市 轻轨 铁路 ， 除了 能 改善 城市交通 ， 还 可以
 改善 城市 的 景观  1.501629
 调整 城市 的 经济 结构  0.356169
*改善 城市 的 环境 质量  0.078965
 提高 城市 居民 的 经济 收入  0.063237

**************************
Question id: 0_16
Gold: 1
Prediction: 2
Question: 读 世界 局部 区域 不同 时间 沙尘 空间 分布图 ， 完成 下列 问题 。 造成 该 区域 沙尘 扩散 的 主要 因素 是
 副 热带 高压  0.015380
*信风  0.083648
 西风  1.671737
 季风  0.229236

**************************
Question id: 0_167
Gold: 0
Prediction: 0
Question: 2017 年 夏季 达沃斯 论坛 于 6 月 27 日 至 29 日 在 大连 举行 ， 本次 论坛 的 主题 是 “ 在 第四次 工业革命 中 实现 包容性 增长 ” “ 工业 4 ． 0 ” 被 认为 是 以 智能 制造 为 主导 的 第四次 工业革命 ， 2016 年 中德 合作 建设 的 首条 “ 工业 4 ． 0 ” 示范 线 已 在 沈阳 落地 ， 该 示范 线 的 建设 充分 体现 了 第四次 工业革命 的 包容性 増 长 。 据此 回答 下列 问题 。 德国 选择 在 沈阳 建设 首条 “ 工业 4 ． 0 ” 示范 线 主要 是因为 沈阳
*工业 基础 雄厚  1.789219
 交通运输 便利  0.002541
 消费 市场 广阔  0.207287
 劳动力 充足  0.000954

**************************
Question id: 0_167
Gold: 2
Prediction: 2
Question: 泰中罗勇 工业园 是 中国 商务部 批准 的 首批 境外 经济 贸易 合作 区 ， 园区 位于 泰国 东部 海岸 、 靠近 泰国 首都 曼谷 和 廉 差邦 深水港 。 随着 中国 企业 “ 抱团 出海 ” 的 进一步 实施 ， 未来 将 逐步 形成 为 集 物流 、 会展 、 生产 加工 于 一体 的 现代 综合 工业园区 。 为 保证 发展 质量 ， 园区 对 进驻 企业 进行 综合 考察 ， 以期 形成 上下游 协同 发展 的 产业链 。 2015 年 来自 杭州 的 中策 公司 进驻 该 产业园 ， 投资 泰国 优势 产业 。 据此 回答 下列 各 题 。 园区 对 引进 企业 进行 综合 考察 的 主要 目的 是
 减少 劳动力 成本 ， 降低 招工 难度  0.000433
 扩大 市场 范围 ， 降低 营销 成本  0.426733
*强化 园区 企业 合作 ， 避免 过度 竞争  0.896509
 共享 基础设施 ， 提高 设施 利用 效率  0.676326

**************************
Question id: 0_167
Gold: 2
Prediction: 3
Question: 安徽省 淮南市 煤炭 资源 丰富 ， 长期 采煤 已 导致 20 % 左右 的 地面 沉陷 ， 积水 成湖 ， 平均 沉陷 可达 7 米 。 漂浮 式 光伏 电站 是 将 光伏 发电 组件 安装 在 水面 漂浮 体上 ， 利用 太阳能 进行 发电 。 2017 年 12 月 10 日 ， 全球 最大 的 150 兆瓦 漂浮 式 光伏 电站 在 淮南市 刘龙 采煤 沉陷 区 正式 并 网 发电 。 据此 完成 下列 各 题 。 淮南市 漂浮 式 光伏 电站
 发电 稳定性 比 传统 火力发电 强  0.171435
 可 根本性 解决 淮南市 能源 不足 的 难题  0.126620
*在 一定 程度 上 增加 了 当地 水资源  0.340549
 有利于 淮南市 成为 中国 未来 “ 光谷 ”  1.361397

**************************
Question id: 0_170
Gold: 1
Prediction: 1
Question: 台湾 某 电子产品 代工 企业 ， 1988 年 开始 在 中国 大陆 投资 ， 在 大陆 的 总部 和 生产 基地 首选 深圳 ， 后来 生产 基地 逐步 扩展 到 郑州 和 成都 等 地 。 随着 机器人 技术 的 发展 和 成熟 ， 该 企业 计划 在 2017 年 让 更 多 科技 产品 进入 全 机器人 组装 的 程序 ， 包括 iPhone 在内 的 一系列 苹果 产品 将 会 是 重点 目标 。 回答 下列 各 题 。 该 企业 进入 大陆 投资 ， 首选 深圳 的 主要 原因 是
 劳动力 丰富  0.007250
*改革 开放 政策  1.964013
 原料 丰富  0.004004
 交通 便利  0.024733

**************************
Question id: 0_170
Gold: 2
Prediction: 2
Question: 2015 年 ， 我国 境内 投资者 共对 全球 155 个 国家 / 地区 的 6532 家 境外 企业 进行 了非 金融 类 直接 投资 ， 累计 实现 对外 投资 7350.8 亿元 人民币 。 请 回答 下列 各 题 。 下列 最 可能 是 我国 某 企业 在 西部 非洲 投资 的 产业 是
 羽绒服 装 制造  0.547521
 数控 机床 制造  0.267614
*矿山 设备 制造  1.000484
 IT 互联网 产业  0.184381

**************************
Question id: 0_170
Gold: 1
Prediction: 2
Question: 2011 年 ， 作为 “ 金砖 四国 ” 之一 的 巴西 成为 中国 汽车 出口 第一 大 目的 国 。 2012 年 3 月 ， 奇瑞 汽车 宣布 将 在 巴西 打造 完整 供应链 ， 预计 在 2013 年 9 月份 在 巴西 圣保罗州 雅卡雷伊 市 建成 奇瑞 汽车 工业园 并 投产 。 与 其他 在 海外 建立 的 组装 厂 不同 ， 奇瑞 汽车 工业园 内 还 拥有 为 奇瑞 供应 零部件 生产 厂家 的 分厂 。 据此 完成 下列 各 题 。 奇瑞 汽车 核心 零部件 生产厂 、 组装 厂 和 其他 相关 企业 共同 聚集 在 奇瑞 汽车 工业园 内 ， 主要 目的 是
 共同 利用 基础设施 、 科研 力量 等  0.021951
*加强 工业生产 上 联系  0.381957
 彼此 展开 竞争 ， 促进 共同 发展  1.582842
 充分 利用 当地 丰富 的 资源  0.013250

**************************
Question id: 0_170
Gold: 1
Prediction: 1
Question: 华为 ， 于 1987 年 在 深圳 正式 注册 成立 ， 1998 年 将 市场 拓展 到 中国 主要 城市 ， 并 把 触角 探向 世界 的 核心 市场 欧美 ， 目前 以 占领 中低端 智能 手机 市场 为主 ， 每年 都 有 多款 新品 手机 发售 。 据此 完成 下列 问题 。 华为公司 每年 都 有 多款 新品 手机 发售 ， 最 主要 的 原因 是
 硬件 成本 下降  0.182829
*市场 需求 变化  1.415430
 生产 技术 进步  0.369481
 劳动力 成本 下降  0.032260

**************************
Question id: 0_175
Gold: 1
Prediction: 2
Question: 产能 即 生产能力 ， 它 可以 反映 行业 或 企业 的 生产 规模 。 去 产能 ， 即 化解 产能 过剩 。 2017 年 全国 两会 期间 ， 李克 强 总理 在 政府 工作 报告 中 提出 退出 煤炭 产能 1.5 亿吨 以上 的 目标 。 据此 完成 下列 问题 。 我国 实施 煤炭 去 产能 的 最 主要 原因 是
 燃煤 污染 日益 严重  0.009273
*煤炭 产能 供过于求  0.061804
 煤炭 产业 层次 偏 低  1.659316
 煤炭 行业 管理 混乱  0.269607

**************************
Question id: 0_175
Gold: 1
Prediction: 2
Question: 2013 年 6 月 ， 乌江 梯级 开发 贵州 境内 最末 一级 沙沱 水电站 4 台 发电机组 实现 “ 一年 四投 ” （ 四个 机组 在 一年 内 投入 使用 ） ， 乌江 公司 圆满 完成 乌江 梯级 水电 开发 任务 。 据此 完成 下题 。 乌江 梯级 开发 给 当地 社会 经济 发展 所 带来 的 变化 不 包括
 水利 的 发展 ， 促进 了 农业 的 发展  0.875391
*阻碍 城市 和 交通运输 的 发展  0.004607
 水电 的 发展 ， 促进 了 工业 的 发展  1.119952
 水库 有利于 水产 养殖业 的 发展  0.000049

**************************
Question id: 0_179
Gold: 2
Prediction: 0
Question: 绕 月 探测 工程 总指挥 栾恩杰 表示 ， “ 嫦娥 一号 ” 的 成功 发射 ， 标志 着 中国 的 深空 探测 正式 启动 。 据此 回答 ： 下列 有关 月球 的 说法 正确 的 是
 月球 表面 昼夜 温差 大 是因为 其 自转 周期 长  1.027064
 月相 的 变化 说明 月球 的 形状 也 在 变化  0.003233
*月岩 中 富含 地球 上 没有 的 能源 3 He  0.969630
 21 世纪 人类 将 首次 登上 月球 取样 观测  0.000073

**************************
Question id: 0_180
Gold: 0
Prediction: 0
Question: 2012 年 全国 发生 特大型 地质 灾害 72 起 、 大型 71 起 、 中型 377 起 、 小型 13802 起 。 从 分布 上看 ， 全国 地质 灾害 分布 在 华北 、 东北 、 华东 、 中南 、 西南 和 西北 5 个 地区 30 个 省 ( 区 、 市 ) 。 其中 ， 中南 地区 发生 地质 灾害 数量 最多 ， 为 4651 起 ； 西南地区 死亡 失踪 人数 最多 ， 为 223 人 ； 东北地区 直接 经济损失 最 严重 ， 为 23.6 亿元 。 从 受灾 对象 看 ， 农村 受灾 最重 ， 发生 较大 地质 灾害 9414 起 ， 造成 247 人 死亡 失踪 、 直接 经济损失 46 亿元 ； 道路 、 城镇 、 工地 、 学校 受灾 严重 程度 依次 减轻 。 据此 回答 小题 。 国土资源部 能 及时 准确 掌握 上述 灾害 的 发生 并 启动 应急 响应 ， 主要 依赖 的 地理 信息技术 是
*RS  1.206845
 GPS  0.278887
 GIS  0.514267
 数字 地球  0.000000

**************************
Question id: 0_180
Gold: 2
Prediction: 0
Question: 1988 年 大兴安岭 发生 了 特大 森林 火灾 ， “ 三 S ” 技术 在 灾害 的 监测 和 处置 中 发挥 着 重要 的 作用 ， 据此 回答 下列 各 题 。 要 对 “ 三北 ” 地区 荒漠化 土地 发展 进行 宏观 监控 ， 宜 选用 的 地理 定位 技术
 地理信息系统  1.116404
 全球定位系统  0.010854
*卫星 遥感 定期 拍摄  0.103418
 人工 科考  0.769325

**************************
Question id: 0_18
Gold: 1
Prediction: 2
Question: 读 下图 。 完成 下列 各 题 。 甲处 光照 强 、 热量 条件 差 ， 说明 当地
 太阳 高度 角 大 ， 但 日照 时间 短  0.534722
*晴天 多 ， 云层 薄 ， 保温 弱  0.040465
 纬度 高 ， 白天 少 云 ， 晚上 多云  1.255400
 大气 削弱 少 ， 冬季 风 影响 时间 长  0.169412

**************************
Question id: 0_2
Gold: 2
Prediction: 0
Question: 综合 新华社 电 2011 年 1 月 1 日 5 时 48 分 中俄 原油 管道 投入 运行 ， 俄罗斯 的 原油 开始 进入 中方 境内 位于 漠河 县 兴安 镇 的 首站 储油 罐内 ， 标志 着 中国 东北 方向 的 原油 进口 战略 要道 贯通 ， 每年 1500 万吨 、 期限 20 年 的 中俄 原油 管道 输油 合同 开始 履行 。 读 下图 回答 小题 。 利用 管道 运输 石油 的 优势 在于
 灵活性 强  1.128947
 设备 投资 较少  0.007821
*连续性 强  0.532825
 运量 大 ， 不用 专门 管理  0.330408

**************************
Question id: 0_4
Gold: 2
Prediction: 2
Question: 生产 过程 中 产生 大量 污染物 的 产业 为 污染 密集型 产业 。 表 2 为 2001 - 2010 年 江苏省 三大 区域 污染 密集型 产业 产值 增长 速度 ( ％ ) ， 据此 回答 下列 问题 。 江苏省 污染 密集型 产业 今后 发展 方向 的 合理 举措 是
 减少 行政 干预 ， 减低 产业 发展 环境 准入 门槛  0.037977
 全部 关停 或 外迁 污染 密集型 产业  0.001183
*加大 技术创新 ， 促进 产业 转型 升级  1.960205
 发展 清洁 生产 ， 实现 污染 零 排放  0.000635

**************************
Question id: 0_5
Gold: 1
Prediction: 2
Question: 某 旅客 于 2013 年 8 月 中旬 乘坐 18 ： 30 起飞 的 飞机 ， 从 西安 飞往 乌鲁木齐 ， 下图 为 该 旅客 途经 祁连山 时 拍下 的 照片 ， 请 回答 下列 各 题 。 图 中 的 冰雪 仅 分布 在 山 的 一侧 ， 此 侧 属于
 向 阳坡  0.556935
*迎风 坡  0.523602
 背 阳坡  0.891951
 背风 坡  0.027512

**************************
Question id: 0_8
Gold: 2
Prediction: 2
Question: 《 2012 年 社会 蓝皮书 》 指出 ， 2011 年 中国 城镇 人口 占 总人口 的 比重 ， 数千年 来 首次 超过 农业 人口 ， 达到 51.27 % 。 下 表为 我国 某省 （ 市 、 区 ） 城 ； 人口 统计表 ， 回答 下列 各 题 。 近 30 年来 ， 我国 城市化 快速 发展 的 主要 原因 是
 农业 播种 面积 减少  0.000001
 人口 总量 不断 增长  0.050347
*产业 结构 调整 和 工业化 进程 加快  1.945807
 城市 生活 方式 和 价值 观念 的 吸引  0.003845

Accuracy: 36.170213
